<?xml version="1.0" encoding="UTF-8"?>
<!-- Generated by org.testng.reporters.JUnitReportReporter -->
<testsuite hostname="Pavan" failures="0" tests="2" name="before_after.Test_3" time="0.009" errors="0" timestamp="2023-09-18T09:15:08 IST" skipped="0">
  <testcase classname="before_after.Test_3" name="script" time="0.007"/>
  <testcase classname="before_after.Test_3" name="script_1" time="0.002"/>
</testsuite> <!-- before_after.Test_3 -->
