<?xml version="1.0" encoding="UTF-8"?>
<!-- Generated by org.testng.reporters.JUnitReportReporter -->
<testsuite hostname="Pavan" failures="0" tests="4" name="com.UnitTesting.Test2" time="0.016" errors="0" timestamp="2023-09-16T09:52:21 IST" skipped="2">
  <testcase classname="com.UnitTesting.Test2" name="d" time="0.012"/>
  <testcase classname="com.UnitTesting.Test2" name="a" time="0.004"/>
  <testcase classname="com.UnitTesting.Test2" name="b">
    <skipped/>
  </testcase> <!-- b -->
  <testcase classname="com.UnitTesting.Test2" name="c">
    <skipped/>
  </testcase> <!-- c -->
</testsuite> <!-- com.UnitTesting.Test2 -->
