<?xml version="1.0" encoding="UTF-8"?>
<!-- Generated by org.testng.reporters.JUnitReportReporter -->
<testsuite hostname="Pavan" failures="0" tests="1" name="sample.DemoTest" time="0.015" errors="0" timestamp="2023-09-26T11:03:30 IST" skipped="0">
  <testcase classname="sample.DemoTest" name="demo1" time="0.015"/>
</testsuite> <!-- sample.DemoTest -->
