<?xml version="1.0" encoding="UTF-8"?>
<!-- Generated by org.testng.reporters.JUnitReportReporter -->
<testsuite hostname="Pavan" failures="0" tests="4" name="DataProvider_1" time="94.333" errors="0" timestamp="2023-09-21T09:21:10 IST" skipped="0">
  <testcase classname="DataProvider_1" name="test1" time="23.348"/>
  <testcase classname="DataProvider_1" name="test1" time="24.821"/>
  <testcase classname="DataProvider_1" name="test1" time="22.924"/>
  <testcase classname="DataProvider_1" name="test1" time="23.240"/>
</testsuite> <!-- DataProvider_1 -->
