<?xml version="1.0" encoding="UTF-8"?>
<!-- Generated by org.testng.reporters.JUnitReportReporter -->
<testsuite hostname="Pavan" failures="0" tests="4" name="co.VTiger.TestCases.DataProvider_1" time="0.018" errors="0" timestamp="2023-09-21T09:05:07 IST" skipped="0">
  <testcase classname="co.VTiger.TestCases.DataProvider_1" name="test1" time="0.007"/>
  <testcase classname="co.VTiger.TestCases.DataProvider_1" name="test1" time="0.008"/>
  <testcase classname="co.VTiger.TestCases.DataProvider_1" name="test1" time="0.002"/>
  <testcase classname="co.VTiger.TestCases.DataProvider_1" name="test1" time="0.001"/>
</testsuite> <!-- co.VTiger.TestCases.DataProvider_1 -->
