<?xml version="1.0" encoding="UTF-8"?>
<!-- Generated by org.testng.reporters.JUnitReportReporter -->
<testsuite hostname="DESKTOP-MC03AK4" failures="0" tests="1" name="co.VTiger.TestCases.TC_01_CreateOrganizationTest" time="6.907" errors="0" timestamp="2023-09-27T13:20:45 IST" skipped="0">
  <testcase classname="co.VTiger.TestCases.TC_01_CreateOrganizationTest" name="createOrg" time="6.907"/>
</testsuite> <!-- co.VTiger.TestCases.TC_01_CreateOrganizationTest -->
