<?xml version="1.0" encoding="UTF-8"?>
<!-- Generated by org.testng.reporters.JUnitReportReporter -->
<testsuite hostname="Pavan" failures="0" tests="1" name="com.UnitTesting.Login" time="0.019" errors="0" timestamp="2023-09-16T09:29:53 IST" skipped="0">
  <testcase classname="com.UnitTesting.Login" name="login" time="0.019"/>
</testsuite> <!-- com.UnitTesting.Login -->
