<?xml version="1.0" encoding="UTF-8"?>
<!-- Generated by org.testng.reporters.JUnitReportReporter -->
<testsuite hostname="Pavan" failures="0" tests="1" name="co.VTiger.TestCases.TC_03_CreateContactTest" time="5.239" errors="0" timestamp="2023-09-21T08:38:53 IST" skipped="0">
  <testcase classname="co.VTiger.TestCases.TC_03_CreateContactTest" name="createContact" time="5.239"/>
</testsuite> <!-- co.VTiger.TestCases.TC_03_CreateContactTest -->
