<?xml version="1.0" encoding="UTF-8"?>
<!-- Generated by org.testng.reporters.JUnitReportReporter -->
<testsuite hostname="Pavan" failures="0" tests="1" name="co.VTiger.TestCases.TC_01_CreateOrganizationTest" time="8.034" errors="0" timestamp="2023-09-20T09:30:15 IST" skipped="0">
  <testcase classname="co.VTiger.TestCases.TC_01_CreateOrganizationTest" name="createOrg" time="8.034"/>
</testsuite> <!-- co.VTiger.TestCases.TC_01_CreateOrganizationTest -->
