<?xml version="1.0" encoding="UTF-8"?>
<!-- Generated by org.testng.reporters.JUnitReportReporter -->
<testsuite hostname="Pavan" failures="0" tests="5" name="before_after.Test_1" time="0.019" errors="0" timestamp="2023-09-18T08:17:37 IST" skipped="0">
  <testcase classname="before_after.Test_1" name="launchBrowser" time="0.010"/>
  <testcase classname="before_after.Test_1" name="login" time="0.003"/>
  <testcase classname="before_after.Test_1" name="script" time="0.002"/>
  <testcase classname="before_after.Test_1" name="logOut" time="0.003"/>
  <testcase classname="before_after.Test_1" name="closeBrowser" time="0.001"/>
</testsuite> <!-- before_after.Test_1 -->
