<?xml version="1.0" encoding="UTF-8"?>
<!-- Generated by org.testng.reporters.JUnitReportReporter -->
<testsuite hostname="Pavan" failures="0" tests="1" name="co.VTiger.TestCases.TC_05_ReadMvnTest" time="0.010" errors="0" timestamp="2023-09-23T11:26:36 IST" skipped="0">
  <testcase classname="co.VTiger.TestCases.TC_05_ReadMvnTest" name="read" time="0.010"/>
</testsuite> <!-- co.VTiger.TestCases.TC_05_ReadMvnTest -->
