<?xml version="1.0" encoding="UTF-8"?>
<!-- Generated by org.testng.reporters.JUnitReportReporter -->
<testsuite hostname="Pavan" failures="0" tests="1" name="co.VTiger.TestCases.TC_02_CreateOrganizationWIthDDTest" time="11.776" errors="0" timestamp="2023-09-21T08:42:39 IST" skipped="0">
  <testcase classname="co.VTiger.TestCases.TC_02_CreateOrganizationWIthDDTest" name="createOrgwithDD" time="11.776"/>
</testsuite> <!-- co.VTiger.TestCases.TC_02_CreateOrganizationWIthDDTest -->
