<?xml version="1.0" encoding="UTF-8"?>
<!-- Generated by org.testng.reporters.JUnitReportReporter -->
<testsuite hostname="Pavan" failures="0" tests="3" name="com.UnitTesting.Test4" time="0.020" errors="0" timestamp="2023-09-16T09:57:46 IST" skipped="1">
  <testcase classname="com.UnitTesting.Test4" name="c" time="0.014"/>
  <testcase classname="com.UnitTesting.Test4" name="d" time="0.006"/>
  <testcase classname="com.UnitTesting.Test4" name="b">
    <skipped/>
  </testcase> <!-- b -->
</testsuite> <!-- com.UnitTesting.Test4 -->
